<?xml version="1.0" encoding="UTF-8"?>
<testng-results ignored="0" total="1" passed="1" failed="0" skipped="0">
  <reporter-output>
  </reporter-output>
  <suite started-at="2025-11-28T14:26:09 GMT+01:00" name="Suite" finished-at="2025-11-28T14:26:25 GMT+01:00" duration-ms="16279">
    <groups>
    </groups>
    <test started-at="2025-11-28T14:26:09 GMT+01:00" name="Test" finished-at="2025-11-28T14:26:25 GMT+01:00" duration-ms="16279">
      <class name="tests.LoginPageTest">
        <test-method is-config="true" signature="setUp()[pri:0, instance:tests.LoginPageTest@2473d930]" started-at="2025-11-28T14:26:09 GMT+01:00" name="setUp" finished-at="2025-11-28T14:26:21 GMT+01:00" duration-ms="12313" status="PASS">
          <reporter-output>
          </reporter-output>
        </test-method> <!-- setUp -->
        <test-method signature="testValidLogin()[pri:0, instance:tests.LoginPageTest@2473d930]" started-at="2025-11-28T14:26:21 GMT+01:00" name="testValidLogin" finished-at="2025-11-28T14:26:25 GMT+01:00" duration-ms="3462" status="PASS">
          <reporter-output>
          </reporter-output>
        </test-method> <!-- testValidLogin -->
        <test-method is-config="true" signature="tearDown()[pri:0, instance:tests.LoginPageTest@2473d930]" started-at="2025-11-28T14:26:25 GMT+01:00" name="tearDown" finished-at="2025-11-28T14:26:25 GMT+01:00" duration-ms="403" status="PASS">
          <reporter-output>
          </reporter-output>
        </test-method> <!-- tearDown -->
      </class> <!-- tests.LoginPageTest -->
    </test> <!-- Test -->
  </suite> <!-- Suite -->
</testng-results>
